<?xml version="1.0" encoding="UTF-8"?>
<!-- Generated by org.testng.reporters.JUnitReportReporter -->
<testsuite hostname="TYSS-4F-42" name="com.assignment.TestScripts.TripAdvisorTest" tests="1" failures="0" timestamp="17 Jan 2020 14:23:19 GMT" time="28.506" errors="0">
  <testcase name="script" time="28.506" classname="com.assignment.TestScripts.TripAdvisorTest"/>
</testsuite> <!-- com.assignment.TestScripts.TripAdvisorTest -->
