<?xml version="1.0" encoding="UTF-8"?>
<!-- Generated by org.testng.reporters.JUnitReportReporter -->
<testsuite hostname="TYSS-4F-42" name="com.assignment.TestScripts.IphonePriceComparisonTest" tests="1" failures="0" timestamp="17 Jan 2020 14:28:36 GMT" time="29.678" errors="0">
  <testcase name="iphonePriceInAmazonAndFlipkartTest" time="29.678" classname="com.assignment.TestScripts.IphonePriceComparisonTest"/>
</testsuite> <!-- com.assignment.TestScripts.IphonePriceComparisonTest -->
